This file contains any messages produced by compilers while
running configure, to aid debugging if configure makes a mistake.

It was created by FoxtrotGPS configure 1.2.2+, which was
generated by GNU Autoconf 2.69.  Invocation command line was

  $ ./configure 

## --------- ##
## Platform. ##
## --------- ##

hostname = debian
uname -m = x86_64
uname -r = 5.10.0-9-amd64
uname -s = Linux
uname -v = #1 SMP Debian 5.10.70-1 (2021-09-30)

/usr/bin/uname -p = unknown
/bin/uname -X     = unknown

/bin/arch              = x86_64
/usr/bin/arch -k       = unknown
/usr/convex/getsysinfo = unknown
/usr/bin/hostinfo      = unknown
/bin/machine           = unknown
/usr/bin/oslevel       = unknown
/bin/universe          = unknown

PATH: /usr/bin
PATH: /home/tux/bin
PATH: /home/tux/.cabal/bin
PATH: /home/tux/go/bin
PATH: /usr/bin
PATH: /home/tux/bin
PATH: /home/tux/.cabal/bin
PATH: /home/tux/go/bin
PATH: /usr/local/bin
PATH: /usr/bin
PATH: /bin
PATH: /usr/local/games
PATH: /usr/games
PATH: /opt/SEGGER/JLink
PATH: /home/tux/Dokumente/nrf51/nrfjprog
PATH: /home/tux/bin/toolchain/gcc-arm-10.2-2020.11-x86_64-aarch64-none-elf/bin/
PATH: /opt/SEGGER/JLink
PATH: /home/tux/Dokumente/nrf51/nrfjprog
PATH: /home/tux/bin/toolchain/gcc-arm-10.2-2020.11-x86_64-aarch64-none-elf/bin/


## ----------- ##
## Core tests. ##
## ----------- ##

configure:2395: checking for a BSD-compatible install
configure:2463: result: /usr/bin/install -c
configure:2474: checking whether build environment is sane
configure:2529: result: yes
configure:2680: checking for a thread-safe mkdir -p
configure:2719: result: /usr/bin/mkdir -p
configure:2726: checking for gawk
configure:2742: found /usr/bin/gawk
configure:2753: result: gawk
configure:2764: checking whether make sets $(MAKE)
configure:2786: result: yes
configure:2815: checking whether make supports nested variables
configure:2832: result: yes
configure:2962: checking whether to enable maintainer-specific portions of Makefiles
configure:2971: result: yes
configure:2989: checking whether make supports the include directive
configure:3004: make -f confmf.GNU && cat confinc.out
this is the am__doit target
configure:3007: $? = 0
configure:3026: result: yes (GNU style)
configure:3096: checking for gcc
configure:3112: found /usr/bin/gcc
configure:3123: result: gcc
configure:3352: checking for C compiler version
configure:3361: gcc --version >&5
gcc (Debian 10.2.1-6) 10.2.1 20210110
Copyright (C) 2020 Free Software Foundation, Inc.
This is free software; see the source for copying conditions.  There is NO
warranty; not even for MERCHANTABILITY or FITNESS FOR A PARTICULAR PURPOSE.

configure:3372: $? = 0
configure:3361: gcc -v >&5
Using built-in specs.
COLLECT_GCC=gcc
COLLECT_LTO_WRAPPER=/usr/lib/gcc/x86_64-linux-gnu/10/lto-wrapper
OFFLOAD_TARGET_NAMES=nvptx-none:amdgcn-amdhsa:hsa
OFFLOAD_TARGET_DEFAULT=1
Target: x86_64-linux-gnu
Configured with: ../src/configure -v --with-pkgversion='Debian 10.2.1-6' --with-bugurl=file:///usr/share/doc/gcc-10/README.Bugs --enable-languages=c,ada,c++,go,brig,d,fortran,objc,obj-c++,m2 --prefix=/usr --with-gcc-major-version-only --program-suffix=-10 --program-prefix=x86_64-linux-gnu- --enable-shared --enable-linker-build-id --libexecdir=/usr/lib --without-included-gettext --enable-threads=posix --libdir=/usr/lib --enable-nls --enable-bootstrap --enable-clocale=gnu --enable-libstdcxx-debug --enable-libstdcxx-time=yes --with-default-libstdcxx-abi=new --enable-gnu-unique-object --disable-vtable-verify --enable-plugin --enable-default-pie --with-system-zlib --enable-libphobos-checking=release --with-target-system-zlib=auto --enable-objc-gc=auto --enable-multiarch --disable-werror --with-arch-32=i686 --with-abi=m64 --with-multilib-list=m32,m64,mx32 --enable-multilib --with-tune=generic --enable-offload-targets=nvptx-none=/build/gcc-10-Km9U7s/gcc-10-10.2.1/debian/tmp-nvptx/usr,amdgcn-amdhsa=/build/gcc-10-Km9U7s/gcc-10-10.2.1/debian/tmp-gcn/usr,hsa --without-cuda-driver --enable-checking=release --build=x86_64-linux-gnu --host=x86_64-linux-gnu --target=x86_64-linux-gnu --with-build-config=bootstrap-lto-lean --enable-link-mutex
Thread model: posix
Supported LTO compression algorithms: zlib zstd
gcc version 10.2.1 20210110 (Debian 10.2.1-6) 
... rest of stderr output deleted ...
configure:3372: $? = 0
configure:3361: gcc -V >&5
gcc: error: unrecognized command-line option '-V'
gcc: fatal error: no input files
compilation terminated.
configure:3372: $? = 1
configure:3361: gcc -qversion >&5
gcc: error: unrecognized command-line option '-qversion'; did you mean '--version'?
gcc: fatal error: no input files
compilation terminated.
configure:3372: $? = 1
configure:3392: checking whether the C compiler works
configure:3414: gcc    conftest.c  >&5
configure:3418: $? = 0
configure:3466: result: yes
configure:3469: checking for C compiler default output file name
configure:3471: result: a.out
configure:3477: checking for suffix of executables
configure:3484: gcc -o conftest    conftest.c  >&5
configure:3488: $? = 0
configure:3510: result: 
configure:3532: checking whether we are cross compiling
configure:3540: gcc -o conftest    conftest.c  >&5
configure:3544: $? = 0
configure:3551: ./conftest
configure:3555: $? = 0
configure:3570: result: no
configure:3575: checking for suffix of object files
configure:3597: gcc -c   conftest.c >&5
configure:3601: $? = 0
configure:3622: result: o
configure:3626: checking whether we are using the GNU C compiler
configure:3645: gcc -c   conftest.c >&5
configure:3645: $? = 0
configure:3654: result: yes
configure:3663: checking whether gcc accepts -g
configure:3683: gcc -c -g  conftest.c >&5
configure:3683: $? = 0
configure:3724: result: yes
configure:3741: checking for gcc option to accept ISO C89
configure:3804: gcc  -c -g -O2  conftest.c >&5
configure:3804: $? = 0
configure:3817: result: none needed
configure:3842: checking whether gcc understands -c and -o together
configure:3864: gcc -c conftest.c -o conftest2.o
configure:3867: $? = 0
configure:3864: gcc -c conftest.c -o conftest2.o
configure:3867: $? = 0
configure:3879: result: yes
configure:3898: checking dependency style of gcc
configure:4009: result: gcc3
configure:4024: checking for gcc option to accept ISO C99
configure:4173: gcc  -c -g -O2  conftest.c >&5
configure:4173: $? = 0
configure:4186: result: none needed
configure:4207: checking how to run the C preprocessor
configure:4238: gcc -E  conftest.c
configure:4238: $? = 0
configure:4252: gcc -E  conftest.c
conftest.c:11:10: fatal error: ac_nonexistent.h: No such file or directory
   11 | #include <ac_nonexistent.h>
      |          ^~~~~~~~~~~~~~~~~~
compilation terminated.
configure:4252: $? = 1
configure: failed program was:
| /* confdefs.h */
| #define PACKAGE_NAME "FoxtrotGPS"
| #define PACKAGE_TARNAME "foxtrotgps"
| #define PACKAGE_VERSION "1.2.2+"
| #define PACKAGE_STRING "FoxtrotGPS 1.2.2+"
| #define PACKAGE_BUGREPORT "foss-gps@lists.osgeo.org"
| #define PACKAGE_URL ""
| #define PACKAGE "foxtrotgps"
| #define VERSION "1.2.2+"
| /* end confdefs.h.  */
| #include <ac_nonexistent.h>
configure:4277: result: gcc -E
configure:4297: gcc -E  conftest.c
configure:4297: $? = 0
configure:4311: gcc -E  conftest.c
conftest.c:11:10: fatal error: ac_nonexistent.h: No such file or directory
   11 | #include <ac_nonexistent.h>
      |          ^~~~~~~~~~~~~~~~~~
compilation terminated.
configure:4311: $? = 1
configure: failed program was:
| /* confdefs.h */
| #define PACKAGE_NAME "FoxtrotGPS"
| #define PACKAGE_TARNAME "foxtrotgps"
| #define PACKAGE_VERSION "1.2.2+"
| #define PACKAGE_STRING "FoxtrotGPS 1.2.2+"
| #define PACKAGE_BUGREPORT "foss-gps@lists.osgeo.org"
| #define PACKAGE_URL ""
| #define PACKAGE "foxtrotgps"
| #define VERSION "1.2.2+"
| /* end confdefs.h.  */
| #include <ac_nonexistent.h>
configure:4340: checking for grep that handles long lines and -e
configure:4398: result: /usr/bin/grep
configure:4403: checking for egrep
configure:4465: result: /usr/bin/grep -E
configure:4470: checking for ANSI C header files
configure:4490: gcc -c -g -O2  conftest.c >&5
configure:4490: $? = 0
configure:4563: gcc -o conftest -g -O2   conftest.c  >&5
configure:4563: $? = 0
configure:4563: ./conftest
configure:4563: $? = 0
configure:4574: result: yes
configure:4591: checking whether NLS is requested
configure:4600: result: yes
configure:4618: checking for intltool >= 0.23
configure:4620: result: 0.51.0 found
configure:4628: checking for intltool-update
configure:4646: found /usr/bin/intltool-update
configure:4658: result: /usr/bin/intltool-update
configure:4668: checking for intltool-merge
configure:4686: found /usr/bin/intltool-merge
configure:4698: result: /usr/bin/intltool-merge
configure:4708: checking for intltool-extract
configure:4726: found /usr/bin/intltool-extract
configure:4738: result: /usr/bin/intltool-extract
configure:4892: checking for xgettext
configure:4910: found /usr/bin/xgettext
configure:4922: result: /usr/bin/xgettext
configure:4932: checking for msgmerge
configure:4950: found /usr/bin/msgmerge
configure:4962: result: /usr/bin/msgmerge
configure:4972: checking for msgfmt
configure:4990: found /usr/bin/msgfmt
configure:5002: result: /usr/bin/msgfmt
configure:5012: checking for gmsgfmt
configure:5043: result: /usr/bin/msgfmt
configure:5063: checking for perl
configure:5081: found /usr/bin/perl
configure:5093: result: /usr/bin/perl
configure:5104: checking for perl >= 5.8.1
configure:5111: result: 5.32.1
configure:5115: checking for XML::Parser
configure:5118: result: ok
configure:5138: checking for sys/types.h
configure:5138: gcc -c -g -O2  conftest.c >&5
configure:5138: $? = 0
configure:5138: result: yes
configure:5138: checking for sys/stat.h
configure:5138: gcc -c -g -O2  conftest.c >&5
configure:5138: $? = 0
configure:5138: result: yes
configure:5138: checking for stdlib.h
configure:5138: gcc -c -g -O2  conftest.c >&5
configure:5138: $? = 0
configure:5138: result: yes
configure:5138: checking for string.h
configure:5138: gcc -c -g -O2  conftest.c >&5
configure:5138: $? = 0
configure:5138: result: yes
configure:5138: checking for memory.h
configure:5138: gcc -c -g -O2  conftest.c >&5
configure:5138: $? = 0
configure:5138: result: yes
configure:5138: checking for strings.h
configure:5138: gcc -c -g -O2  conftest.c >&5
configure:5138: $? = 0
configure:5138: result: yes
configure:5138: checking for inttypes.h
configure:5138: gcc -c -g -O2  conftest.c >&5
configure:5138: $? = 0
configure:5138: result: yes
configure:5138: checking for stdint.h
configure:5138: gcc -c -g -O2  conftest.c >&5
configure:5138: $? = 0
configure:5138: result: yes
configure:5138: checking for unistd.h
configure:5138: gcc -c -g -O2  conftest.c >&5
configure:5138: $? = 0
configure:5138: result: yes
configure:5153: checking locale.h usability
configure:5153: gcc -c -g -O2  conftest.c >&5
configure:5153: $? = 0
configure:5153: result: yes
configure:5153: checking locale.h presence
configure:5153: gcc -E  conftest.c
configure:5153: $? = 0
configure:5153: result: yes
configure:5153: checking for locale.h
configure:5153: result: yes
configure:5164: checking for LC_MESSAGES
configure:5180: gcc -o conftest -g -O2   conftest.c  >&5
configure:5180: $? = 0
configure:5188: result: yes
configure:5206: checking for CFPreferencesCopyAppValue
configure:5224: gcc -o conftest -g -O2   conftest.c  -Wl,-framework -Wl,CoreFoundation >&5
conftest.c:24:10: fatal error: CoreFoundation/CFPreferences.h: No such file or directory
   24 | #include <CoreFoundation/CFPreferences.h>
      |          ^~~~~~~~~~~~~~~~~~~~~~~~~~~~~~~~
compilation terminated.
configure:5224: $? = 1
configure: failed program was:
| /* confdefs.h */
| #define PACKAGE_NAME "FoxtrotGPS"
| #define PACKAGE_TARNAME "foxtrotgps"
| #define PACKAGE_VERSION "1.2.2+"
| #define PACKAGE_STRING "FoxtrotGPS 1.2.2+"
| #define PACKAGE_BUGREPORT "foss-gps@lists.osgeo.org"
| #define PACKAGE_URL ""
| #define PACKAGE "foxtrotgps"
| #define VERSION "1.2.2+"
| #define STDC_HEADERS 1
| #define GETTEXT_PACKAGE "foxtrotgps"
| #define HAVE_SYS_TYPES_H 1
| #define HAVE_SYS_STAT_H 1
| #define HAVE_STDLIB_H 1
| #define HAVE_STRING_H 1
| #define HAVE_MEMORY_H 1
| #define HAVE_STRINGS_H 1
| #define HAVE_INTTYPES_H 1
| #define HAVE_STDINT_H 1
| #define HAVE_UNISTD_H 1
| #define HAVE_LOCALE_H 1
| #define HAVE_LC_MESSAGES 1
| /* end confdefs.h.  */
| #include <CoreFoundation/CFPreferences.h>
| int
| main ()
| {
| CFPreferencesCopyAppValue(NULL, NULL)
|   ;
|   return 0;
| }
configure:5233: result: no
configure:5240: checking for CFLocaleCopyCurrent
configure:5258: gcc -o conftest -g -O2   conftest.c  -Wl,-framework -Wl,CoreFoundation >&5
conftest.c:24:10: fatal error: CoreFoundation/CFLocale.h: No such file or directory
   24 | #include <CoreFoundation/CFLocale.h>
      |          ^~~~~~~~~~~~~~~~~~~~~~~~~~~
compilation terminated.
configure:5258: $? = 1
configure: failed program was:
| /* confdefs.h */
| #define PACKAGE_NAME "FoxtrotGPS"
| #define PACKAGE_TARNAME "foxtrotgps"
| #define PACKAGE_VERSION "1.2.2+"
| #define PACKAGE_STRING "FoxtrotGPS 1.2.2+"
| #define PACKAGE_BUGREPORT "foss-gps@lists.osgeo.org"
| #define PACKAGE_URL ""
| #define PACKAGE "foxtrotgps"
| #define VERSION "1.2.2+"
| #define STDC_HEADERS 1
| #define GETTEXT_PACKAGE "foxtrotgps"
| #define HAVE_SYS_TYPES_H 1
| #define HAVE_SYS_STAT_H 1
| #define HAVE_STDLIB_H 1
| #define HAVE_STRING_H 1
| #define HAVE_MEMORY_H 1
| #define HAVE_STRINGS_H 1
| #define HAVE_INTTYPES_H 1
| #define HAVE_STDINT_H 1
| #define HAVE_UNISTD_H 1
| #define HAVE_LOCALE_H 1
| #define HAVE_LC_MESSAGES 1
| /* end confdefs.h.  */
| #include <CoreFoundation/CFLocale.h>
| int
| main ()
| {
| CFLocaleCopyCurrent();
|   ;
|   return 0;
| }
configure:5267: result: no
configure:5281: checking libintl.h usability
configure:5281: gcc -c -g -O2  conftest.c >&5
configure:5281: $? = 0
configure:5281: result: yes
configure:5281: checking libintl.h presence
configure:5281: gcc -E  conftest.c
configure:5281: $? = 0
configure:5281: result: yes
configure:5281: checking for libintl.h
configure:5281: result: yes
configure:5289: checking for ngettext in libc
configure:5307: gcc -o conftest -g -O2   conftest.c  >&5
configure:5307: $? = 0
configure:5316: result: yes
configure:5320: checking for dgettext in libc
configure:5338: gcc -o conftest -g -O2   conftest.c  >&5
configure:5338: $? = 0
configure:5347: result: yes
configure:5354: checking for bind_textdomain_codeset
configure:5354: gcc -o conftest -g -O2   conftest.c  >&5
configure:5354: $? = 0
configure:5354: result: yes
configure:5630: checking for msgfmt
configure:5657: result: /usr/bin/msgfmt
configure:5668: checking for dcgettext
configure:5668: gcc -o conftest -g -O2   conftest.c   >&5
conftest.c:49:6: warning: conflicting types for built-in function 'dcgettext'; expected 'char *(const char *, const char *, int)' [-Wbuiltin-declaration-mismatch]
   49 | char dcgettext ();
      |      ^~~~~~~~~
configure:5668: $? = 0
configure:5668: result: yes
configure:5678: checking if msgfmt accepts -c
configure:5693: $MSGFMT -c -o /dev/null conftest.foo
conftest.foo:3: warning: header field 'Language' missing in header
configure:5696: $? = 0
configure:5698: result: yes
configure:5708: checking for gmsgfmt
configure:5739: result: /usr/bin/msgfmt
configure:5749: checking for xgettext
configure:5776: result: /usr/bin/xgettext
configure:5795: gcc -o conftest -g -O2   conftest.c   >&5
configure:5795: $? = 0
configure:5877: checking for catalogs to be installed
configure:5902: result:  bg cs de es fi fr hu ru sk nl ja sr pt_BR pl it
configure:5935: checking whether ln -s works
configure:5939: result: yes
configure:5975: checking build system type
configure:5989: result: x86_64-pc-linux-gnu
configure:6009: checking host system type
configure:6022: result: x86_64-pc-linux-gnu
configure:6063: checking how to print strings
configure:6090: result: printf
configure:6111: checking for a sed that does not truncate output
configure:6175: result: /usr/bin/sed
configure:6193: checking for fgrep
configure:6255: result: /usr/bin/grep -F
configure:6290: checking for ld used by gcc
configure:6357: result: /usr/bin/ld
configure:6364: checking if the linker (/usr/bin/ld) is GNU ld
configure:6379: result: yes
configure:6391: checking for BSD- or MS-compatible name lister (nm)
configure:6445: result: /usr/bin/nm -B
configure:6575: checking the name lister (/usr/bin/nm -B) interface
configure:6582: gcc -c -g -O2  conftest.c >&5
configure:6585: /usr/bin/nm -B "conftest.o"
configure:6588: output
0000000000000000 B some_variable
configure:6595: result: BSD nm
configure:6599: checking the maximum length of command line arguments
configure:6730: result: 1572864
configure:6778: checking how to convert x86_64-pc-linux-gnu file names to x86_64-pc-linux-gnu format
configure:6818: result: func_convert_file_noop
configure:6825: checking how to convert x86_64-pc-linux-gnu file names to toolchain format
configure:6845: result: func_convert_file_noop
configure:6852: checking for /usr/bin/ld option to reload object files
configure:6859: result: -r
configure:6933: checking for objdump
configure:6949: found /usr/bin/objdump
configure:6960: result: objdump
configure:6992: checking how to recognize dependent libraries
configure:7192: result: pass_all
configure:7277: checking for dlltool
configure:7307: result: no
configure:7337: checking how to associate runtime and link libraries
configure:7364: result: printf %s\n
configure:7424: checking for ar
configure:7440: found /usr/bin/ar
configure:7451: result: ar
configure:7504: checking for archiver @FILE support
configure:7521: gcc -c -g -O2  conftest.c >&5
configure:7521: $? = 0
configure:7524: ar cr libconftest.a @conftest.lst >&5
configure:7527: $? = 0
configure:7532: ar cr libconftest.a @conftest.lst >&5
ar: conftest.o: No such file or directory
configure:7535: $? = 1
configure:7547: result: @
configure:7605: checking for strip
configure:7621: found /usr/bin/strip
configure:7632: result: strip
configure:7704: checking for ranlib
configure:7720: found /usr/bin/ranlib
configure:7731: result: ranlib
configure:7833: checking command to parse /usr/bin/nm -B output from gcc object
configure:7986: gcc -c -g -O2  conftest.c >&5
configure:7989: $? = 0
configure:7993: /usr/bin/nm -B conftest.o \| sed -n -e 's/^.*[ ]\([ABCDGIRSTW][ABCDGIRSTW]*\)[ ][ ]*\([_A-Za-z][_A-Za-z0-9]*\)$/\1 \2 \2/p' | sed '/ __gnu_lto/d' \> conftest.nm
configure:7996: $? = 0
configure:8062: gcc -o conftest -g -O2   conftest.c conftstm.o >&5
configure:8065: $? = 0
configure:8103: result: ok
configure:8150: checking for sysroot
configure:8180: result: no
configure:8187: checking for a working dd
configure:8225: result: /usr/bin/dd
configure:8229: checking how to truncate binary pipes
configure:8244: result: /usr/bin/dd bs=4096 count=1
configure:8380: gcc -c -g -O2  conftest.c >&5
configure:8383: $? = 0
configure:8573: checking for mt
configure:8589: found /usr/bin/mt
configure:8600: result: mt
configure:8623: checking if mt is a manifest tool
configure:8629: mt '-?'
configure:8637: result: no
configure:9311: checking for dlfcn.h
configure:9311: gcc -c -g -O2  conftest.c >&5
configure:9311: $? = 0
configure:9311: result: yes
configure:9567: checking for objdir
configure:9582: result: .libs
configure:9842: checking if gcc supports -fno-rtti -fno-exceptions
configure:9860: gcc -c -g -O2  -fno-rtti -fno-exceptions conftest.c >&5
cc1: warning: command-line option '-fno-rtti' is valid for C++/D/ObjC++ but not for C
configure:9864: $? = 0
configure:9877: result: no
configure:10235: checking for gcc option to produce PIC
configure:10242: result: -fPIC -DPIC
configure:10250: checking if gcc PIC flag -fPIC -DPIC works
configure:10268: gcc -c -g -O2  -fPIC -DPIC -DPIC conftest.c >&5
configure:10272: $? = 0
configure:10285: result: yes
configure:10314: checking if gcc static flag -static works
configure:10342: result: yes
configure:10357: checking if gcc supports -c -o file.o
configure:10378: gcc -c -g -O2  -o out/conftest2.o conftest.c >&5
configure:10382: $? = 0
configure:10404: result: yes
configure:10412: checking if gcc supports -c -o file.o
configure:10459: result: yes
configure:10492: checking whether the gcc linker (/usr/bin/ld -m elf_x86_64) supports shared libraries
configure:11753: result: yes
configure:11790: checking whether -lc should be explicitly linked in
configure:11798: gcc -c -g -O2  conftest.c >&5
configure:11801: $? = 0
configure:11816: gcc -shared  -fPIC -DPIC conftest.o  -v -Wl,-soname -Wl,conftest -o conftest 2\>\&1 \| /usr/bin/grep  -lc  \>/dev/null 2\>\&1
configure:11819: $? = 0
configure:11833: result: no
configure:11993: checking dynamic linker characteristics
configure:12574: gcc -o conftest -g -O2   -Wl,-rpath -Wl,/foo conftest.c  >&5
configure:12574: $? = 0
configure:12811: result: GNU/Linux ld.so
configure:12933: checking how to hardcode library paths into programs
configure:12958: result: immediate
configure:13506: checking whether stripping libraries is possible
configure:13515: result: yes
configure:13557: checking if libtool supports shared libraries
configure:13559: result: yes
configure:13562: checking whether to build shared libraries
configure:13587: result: yes
configure:13590: checking whether to build static libraries
configure:13594: result: yes
configure:13686: checking for pkg-config
configure:13704: found /usr/bin/pkg-config
configure:13716: result: /usr/bin/pkg-config
configure:13741: checking pkg-config is at least version 0.9.0
configure:13744: result: yes
configure:13754: checking for GTK
configure:13761: $PKG_CONFIG --exists --print-errors "gtk+-2.0 gdk-2.0 gthread-2.0"
configure:13764: $? = 0
configure:13778: $PKG_CONFIG --exists --print-errors "gtk+-2.0 gdk-2.0 gthread-2.0"
configure:13781: $? = 0
configure:13839: result: yes
configure:13845: checking for GLADE
configure:13852: $PKG_CONFIG --exists --print-errors "libglade-2.0"
configure:13855: $? = 0
configure:13869: $PKG_CONFIG --exists --print-errors "libglade-2.0"
configure:13872: $? = 0
configure:13930: result: yes
configure:13936: checking for LIBCURL
configure:13943: $PKG_CONFIG --exists --print-errors "libcurl"
configure:13946: $? = 0
configure:13960: $PKG_CONFIG --exists --print-errors "libcurl"
configure:13963: $? = 0
configure:14021: result: yes
configure:14027: checking for SQLITE
configure:14034: $PKG_CONFIG --exists --print-errors "sqlite3"
configure:14037: $? = 0
configure:14051: $PKG_CONFIG --exists --print-errors "sqlite3"
configure:14054: $? = 0
configure:14112: result: yes
configure:14118: checking for LIBEXIF
configure:14125: $PKG_CONFIG --exists --print-errors "libexif"
configure:14128: $? = 0
configure:14142: $PKG_CONFIG --exists --print-errors "libexif"
configure:14145: $? = 0
configure:14203: result: yes
configure:14209: checking for LIBXML
configure:14216: $PKG_CONFIG --exists --print-errors "libxml-2.0"
configure:14219: $? = 0
configure:14233: $PKG_CONFIG --exists --print-errors "libxml-2.0"
configure:14236: $? = 0
configure:14294: result: yes
configure:14300: checking for LIBGPS
configure:14307: $PKG_CONFIG --exists --print-errors "libgps >= 2.90"
configure:14310: $? = 0
configure:14324: $PKG_CONFIG --exists --print-errors "libgps >= 2.90"
configure:14327: $? = 0
configure:14385: result: yes
configure:14391: checking for BLUETOOTH
configure:14398: $PKG_CONFIG --exists --print-errors "bluez"
Package bluez was not found in the pkg-config search path.
Perhaps you should add the directory containing `bluez.pc'
to the PKG_CONFIG_PATH environment variable
No package 'bluez' found
configure:14401: $? = 1
configure:14415: $PKG_CONFIG --exists --print-errors "bluez"
Package bluez was not found in the pkg-config search path.
Perhaps you should add the directory containing `bluez.pc'
to the PKG_CONFIG_PATH environment variable
No package 'bluez' found
configure:14418: $? = 1
configure:14432: result: no
No package 'bluez' found
configure:14448: WARNING: Building without heartrate-monitor support
configure:14536: checking for pkg-config
configure:14566: result: /usr/bin/pkg-config
configure:14591: checking pkg-config is at least version 0.16
configure:14594: result: yes
configure:14610: $PKG_CONFIG --exists --print-errors "gio-2.0"
configure:14613: $? = 0
configure:14828: checking that generated files are newer than configure
configure:14834: result: done
configure:14865: creating ./config.status

## ---------------------- ##
## Running config.status. ##
## ---------------------- ##

This file was extended by FoxtrotGPS config.status 1.2.2+, which was
generated by GNU Autoconf 2.69.  Invocation command line was

  CONFIG_FILES    = 
  CONFIG_HEADERS  = 
  CONFIG_LINKS    = 
  CONFIG_COMMANDS = 
  $ ./config.status 

on debian

config.status:1242: creating Makefile
config.status:1242: creating po/Makefile.in
config.status:1242: creating src/Makefile
config.status:1242: creating pixmaps/Makefile
config.status:1242: creating data/Makefile
config.status:1242: creating config.h
config.status:1471: executing depfiles commands
config.status:1548: cd src       && sed -e '/# am--include-marker/d' Makefile         | make -f - am--depfiles
make: Nothing to be done for 'am--depfiles'.
config.status:1553: $? = 0
config.status:1471: executing default-1 commands
config.status:1471: executing libtool commands
config.status:1471: executing po/stamp-it commands

## ---------------- ##
## Cache variables. ##
## ---------------- ##

ac_cv_build=x86_64-pc-linux-gnu
ac_cv_c_compiler_gnu=yes
ac_cv_env_BLUETOOTH_CFLAGS_set=
ac_cv_env_BLUETOOTH_CFLAGS_value=
ac_cv_env_BLUETOOTH_LIBS_set=
ac_cv_env_BLUETOOTH_LIBS_value=
ac_cv_env_CC_set=
ac_cv_env_CC_value=
ac_cv_env_CFLAGS_set=
ac_cv_env_CFLAGS_value=
ac_cv_env_CPPFLAGS_set=
ac_cv_env_CPPFLAGS_value=
ac_cv_env_CPP_set=
ac_cv_env_CPP_value=
ac_cv_env_GLADE_CFLAGS_set=
ac_cv_env_GLADE_CFLAGS_value=
ac_cv_env_GLADE_LIBS_set=
ac_cv_env_GLADE_LIBS_value=
ac_cv_env_GLIB_COMPILE_SCHEMAS_set=
ac_cv_env_GLIB_COMPILE_SCHEMAS_value=
ac_cv_env_GTK_CFLAGS_set=
ac_cv_env_GTK_CFLAGS_value=
ac_cv_env_GTK_LIBS_set=
ac_cv_env_GTK_LIBS_value=
ac_cv_env_LDFLAGS_set=
ac_cv_env_LDFLAGS_value=
ac_cv_env_LIBCURL_CFLAGS_set=
ac_cv_env_LIBCURL_CFLAGS_value=
ac_cv_env_LIBCURL_LIBS_set=
ac_cv_env_LIBCURL_LIBS_value=
ac_cv_env_LIBEXIF_CFLAGS_set=
ac_cv_env_LIBEXIF_CFLAGS_value=
ac_cv_env_LIBEXIF_LIBS_set=
ac_cv_env_LIBEXIF_LIBS_value=
ac_cv_env_LIBGPS_CFLAGS_set=
ac_cv_env_LIBGPS_CFLAGS_value=
ac_cv_env_LIBGPS_LIBS_set=
ac_cv_env_LIBGPS_LIBS_value=
ac_cv_env_LIBS_set=
ac_cv_env_LIBS_value=
ac_cv_env_LIBXML_CFLAGS_set=
ac_cv_env_LIBXML_CFLAGS_value=
ac_cv_env_LIBXML_LIBS_set=
ac_cv_env_LIBXML_LIBS_value=
ac_cv_env_LT_SYS_LIBRARY_PATH_set=
ac_cv_env_LT_SYS_LIBRARY_PATH_value=
ac_cv_env_PKG_CONFIG_LIBDIR_set=
ac_cv_env_PKG_CONFIG_LIBDIR_value=
ac_cv_env_PKG_CONFIG_PATH_set=
ac_cv_env_PKG_CONFIG_PATH_value=
ac_cv_env_PKG_CONFIG_set=
ac_cv_env_PKG_CONFIG_value=
ac_cv_env_SQLITE_CFLAGS_set=
ac_cv_env_SQLITE_CFLAGS_value=
ac_cv_env_SQLITE_LIBS_set=
ac_cv_env_SQLITE_LIBS_value=
ac_cv_env_build_alias_set=
ac_cv_env_build_alias_value=
ac_cv_env_host_alias_set=
ac_cv_env_host_alias_value=
ac_cv_env_target_alias_set=
ac_cv_env_target_alias_value=
ac_cv_func_bind_textdomain_codeset=yes
ac_cv_func_dcgettext=yes
ac_cv_header_dlfcn_h=yes
ac_cv_header_inttypes_h=yes
ac_cv_header_libintl_h=yes
ac_cv_header_locale_h=yes
ac_cv_header_memory_h=yes
ac_cv_header_stdc=yes
ac_cv_header_stdint_h=yes
ac_cv_header_stdlib_h=yes
ac_cv_header_string_h=yes
ac_cv_header_strings_h=yes
ac_cv_header_sys_stat_h=yes
ac_cv_header_sys_types_h=yes
ac_cv_header_unistd_h=yes
ac_cv_host=x86_64-pc-linux-gnu
ac_cv_objext=o
ac_cv_path_EGREP='/usr/bin/grep -E'
ac_cv_path_FGREP='/usr/bin/grep -F'
ac_cv_path_GMSGFMT=/usr/bin/msgfmt
ac_cv_path_GREP=/usr/bin/grep
ac_cv_path_INTLTOOL_EXTRACT=/usr/bin/intltool-extract
ac_cv_path_INTLTOOL_MERGE=/usr/bin/intltool-merge
ac_cv_path_INTLTOOL_PERL=/usr/bin/perl
ac_cv_path_INTLTOOL_UPDATE=/usr/bin/intltool-update
ac_cv_path_MSGFMT=/usr/bin/msgfmt
ac_cv_path_MSGMERGE=/usr/bin/msgmerge
ac_cv_path_SED=/usr/bin/sed
ac_cv_path_XGETTEXT=/usr/bin/xgettext
ac_cv_path_ac_pt_PKG_CONFIG=/usr/bin/pkg-config
ac_cv_path_install='/usr/bin/install -c'
ac_cv_path_lt_DD=/usr/bin/dd
ac_cv_path_mkdir=/usr/bin/mkdir
ac_cv_prog_AWK=gawk
ac_cv_prog_CPP='gcc -E'
ac_cv_prog_ac_ct_AR=ar
ac_cv_prog_ac_ct_CC=gcc
ac_cv_prog_ac_ct_MANIFEST_TOOL=mt
ac_cv_prog_ac_ct_OBJDUMP=objdump
ac_cv_prog_ac_ct_RANLIB=ranlib
ac_cv_prog_ac_ct_STRIP=strip
ac_cv_prog_cc_c89=
ac_cv_prog_cc_c99=
ac_cv_prog_cc_g=yes
ac_cv_prog_make_make_set=yes
am_cv_CC_dependencies_compiler_type=gcc3
am_cv_make_support_nested_variables=yes
am_cv_prog_cc_c_o=yes
am_cv_val_LC_MESSAGES=yes
gt_cv_func_CFLocaleCopyCurrent=no
gt_cv_func_CFPreferencesCopyAppValue=no
gt_cv_func_dgettext_libc=yes
gt_cv_func_dgettext_libintl=no
gt_cv_func_ngettext_libc=yes
gt_cv_have_gettext=yes
lt_cv_ar_at_file=@
lt_cv_archive_cmds_need_lc=no
lt_cv_deplibs_check_method=pass_all
lt_cv_file_magic_cmd='$MAGIC_CMD'
lt_cv_file_magic_test_file=
lt_cv_ld_reload_flag=-r
lt_cv_nm_interface='BSD nm'
lt_cv_objdir=.libs
lt_cv_path_LD=/usr/bin/ld
lt_cv_path_NM='/usr/bin/nm -B'
lt_cv_path_mainfest_tool=no
lt_cv_prog_compiler_c_o=yes
lt_cv_prog_compiler_pic='-fPIC -DPIC'
lt_cv_prog_compiler_pic_works=yes
lt_cv_prog_compiler_rtti_exceptions=no
lt_cv_prog_compiler_static_works=yes
lt_cv_prog_gnu_ld=yes
lt_cv_sharedlib_from_linklib_cmd='printf %s\n'
lt_cv_shlibpath_overrides_runpath=yes
lt_cv_sys_global_symbol_pipe='sed -n -e '\''s/^.*[	 ]\([ABCDGIRSTW][ABCDGIRSTW]*\)[	 ][	 ]*\([_A-Za-z][_A-Za-z0-9]*\)$/\1 \2 \2/p'\'' | sed '\''/ __gnu_lto/d'\'''
lt_cv_sys_global_symbol_to_c_name_address='sed -n -e '\''s/^: \(.*\) .*$/  {"\1", (void *) 0},/p'\'' -e '\''s/^[ABCDGIRSTW][ABCDGIRSTW]* .* \(.*\)$/  {"\1", (void *) \&\1},/p'\'''
lt_cv_sys_global_symbol_to_c_name_address_lib_prefix='sed -n -e '\''s/^: \(.*\) .*$/  {"\1", (void *) 0},/p'\'' -e '\''s/^[ABCDGIRSTW][ABCDGIRSTW]* .* \(lib.*\)$/  {"\1", (void *) \&\1},/p'\'' -e '\''s/^[ABCDGIRSTW][ABCDGIRSTW]* .* \(.*\)$/  {"lib\1", (void *) \&\1},/p'\'''
lt_cv_sys_global_symbol_to_cdecl='sed -n -e '\''s/^T .* \(.*\)$/extern int \1();/p'\'' -e '\''s/^[ABCDGIRSTW][ABCDGIRSTW]* .* \(.*\)$/extern char \1;/p'\'''
lt_cv_sys_global_symbol_to_import=
lt_cv_sys_max_cmd_len=1572864
lt_cv_to_host_file_cmd=func_convert_file_noop
lt_cv_to_tool_file_cmd=func_convert_file_noop
lt_cv_truncate_bin='/usr/bin/dd bs=4096 count=1'
pkg_cv_GLADE_CFLAGS='-pthread -I/usr/include/libglade-2.0 -I/usr/include/gtk-2.0 -I/usr/lib/x86_64-linux-gnu/gtk-2.0/include -I/usr/include/pango-1.0 -I/usr/include/atk-1.0 -I/usr/include/gdk-pixbuf-2.0 -I/usr/include/pango-1.0 -I/usr/include/libmount -I/usr/include/blkid -I/usr/include/fribidi -I/usr/include/cairo -I/usr/include/pixman-1 -I/usr/include/harfbuzz -I/usr/include/glib-2.0 -I/usr/lib/x86_64-linux-gnu/glib-2.0/include -I/usr/include/uuid -I/usr/include/freetype2 -I/usr/include/libpng16 -I/usr/include/libxml2'
pkg_cv_GLADE_LIBS='-lglade-2.0 -lgtk-x11-2.0 -lgdk-x11-2.0 -lpangocairo-1.0 -latk-1.0 -lcairo -lgdk_pixbuf-2.0 -lgio-2.0 -lpangoft2-1.0 -lpango-1.0 -lgobject-2.0 -lglib-2.0 -lharfbuzz -lfontconfig -lfreetype -lxml2'
pkg_cv_GLIB_COMPILE_SCHEMAS=/usr/bin/glib-compile-schemas
pkg_cv_GTK_CFLAGS='-pthread -I/usr/include/gtk-2.0 -I/usr/lib/x86_64-linux-gnu/gtk-2.0/include -I/usr/include/atk-1.0 -I/usr/include/gtk-2.0 -I/usr/lib/x86_64-linux-gnu/gtk-2.0/include -I/usr/include/pango-1.0 -I/usr/include/fribidi -I/usr/include/harfbuzz -I/usr/include/cairo -I/usr/include/pixman-1 -I/usr/include/uuid -I/usr/include/freetype2 -I/usr/include/libpng16 -I/usr/include/gdk-pixbuf-2.0 -I/usr/include/libmount -I/usr/include/blkid -I/usr/include/glib-2.0 -I/usr/lib/x86_64-linux-gnu/glib-2.0/include'
pkg_cv_GTK_LIBS='-lgtk-x11-2.0 -lgdk-x11-2.0 -latk-1.0 -lgio-2.0 -lpangoft2-1.0 -lfontconfig -lfreetype -lgdk-x11-2.0 -lpangocairo-1.0 -lpango-1.0 -lharfbuzz -lcairo -lgdk_pixbuf-2.0 -lgobject-2.0 -lgthread-2.0 -pthread -lglib-2.0'
pkg_cv_LIBCURL_CFLAGS=-I/usr/include/x86_64-linux-gnu
pkg_cv_LIBCURL_LIBS=-lcurl
pkg_cv_LIBEXIF_CFLAGS=
pkg_cv_LIBEXIF_LIBS=-lexif
pkg_cv_LIBGPS_CFLAGS=
pkg_cv_LIBGPS_LIBS=-lgps
pkg_cv_LIBXML_CFLAGS=-I/usr/include/libxml2
pkg_cv_LIBXML_LIBS=-lxml2
pkg_cv_SQLITE_CFLAGS=
pkg_cv_SQLITE_LIBS=-lsqlite3

## ----------------- ##
## Output variables. ##
## ----------------- ##










		$(INSTALL_DATA) $^ "$(DESTDIR)$(gsettingsschemadir)"; \
		test -n "$(GSETTINGS_DISABLE_SCHEMAS_COMPILE)$(DESTDIR)" || $(GLIB_COMPILE_SCHEMAS) $(gsettingsschemadir); \
		test -z "$(gsettingsschemadir)" || $(MKDIR_P) "$(DESTDIR)$(gsettingsschemadir)"; \
	$(AM_V_GEN) $(GLIB_COMPILE_SCHEMAS) --strict --dry-run $(addprefix --schema-file=,$(gsettings__enum_file)) --schema-file=$< && mkdir -p $(@D) && touch $@
	$(AM_V_GEN) glib-mkenums --comments '\''<!-- @comment@ -->'\'' --fhead "<schemalist>" --vhead "  <@type@ id='\''$(gsettings_ENUM_NAMESPACE).@EnumName@'\''>" --vprod "    <value nick='\''@valuenick@'\'' value='\''@valuenum@'\''/>" --vtail "  </@type@>" --ftail "</schemalist>" $^ > $@.tmp && mv $@.tmp $@
	@$(NORMAL_INSTALL)
	@$(NORMAL_UNINSTALL)
	@list='\''$(gsettings_SCHEMAS) $(gsettings__enum_file)'\''; test -n "$(gsettingsschemadir)" || list=; \
	cd "$(DESTDIR)$(gsettingsschemadir)" && rm -f $$files
	echo " ( cd '\''$(DESTDIR)$(gsettingsschemadir)'\'' && rm -f" $$files ")"; \
	fi
	files=`for p in $$list; do echo $$p; done | sed -e '\''s|^.*/||'\''`; \
	if test -n "$^"; then \
	rm -f $(gsettings_SCHEMAS:.xml=.valid) $(gsettings__enum_file)
	test -n "$$files" || exit 0; \
	test -n "$(GSETTINGS_DISABLE_SCHEMAS_COMPILE)$(DESTDIR)" || $(GLIB_COMPILE_SCHEMAS) $(gsettingsschemadir)
$(gsettings__enum_file): $(gsettings_ENUM_FILES)
%.gschema.valid: %.gschema.xml $(gsettings__enum_file)
.PHONY : uninstall-gsettings-schemas install-gsettings-schemas clean-gsettings-schemas
.SECONDARY: $(gsettings_SCHEMAS)
ACLOCAL='${SHELL} /home/tux/Dokumente/aur/foxtrotgps/missing aclocal-1.16'
ALL_LINGUAS='bg cs de es fi fr hu ru sk nl ja sr pt_BR pl it'
AMDEPBACKSLASH='\'
AMDEP_FALSE='#'
AMDEP_TRUE=''
AMTAR='$${TAR-tar}'
AM_BACKSLASH='\'
AM_DEFAULT_V='$(AM_DEFAULT_VERBOSITY)'
AM_DEFAULT_VERBOSITY='1'
AM_V='$(V)'
AR='ar'
AUTOCONF='${SHELL} /home/tux/Dokumente/aur/foxtrotgps/missing autoconf'
AUTOHEADER='${SHELL} /home/tux/Dokumente/aur/foxtrotgps/missing autoheader'
AUTOMAKE='${SHELL} /home/tux/Dokumente/aur/foxtrotgps/missing automake-1.16'
AWK='gawk'
BLUETOOTH_CFLAGS=''
BLUETOOTH_LIBS=''
CATALOGS=' bg.gmo cs.gmo de.gmo es.gmo fi.gmo fr.gmo hu.gmo ru.gmo sk.gmo nl.gmo ja.gmo sr.gmo pt_BR.gmo pl.gmo it.gmo'
CATOBJEXT='.gmo'
CC='gcc'
CCDEPMODE='depmode=gcc3'
CFLAGS='-g -O2'
CPP='gcc -E'
CPPFLAGS=''
CYGPATH_W='echo'
DATADIRNAME='share'
DEFS='-DHAVE_CONFIG_H'
DEPDIR='.deps'
DLLTOOL='false'
DSYMUTIL=''
DUMPBIN=''
ECHO_C=''
ECHO_N='-n'
ECHO_T=''
EGREP='/usr/bin/grep -E'
EXEEXT=''
FGREP='/usr/bin/grep -F'
GETTEXT_PACKAGE='foxtrotgps'
GLADE_CFLAGS='-pthread -I/usr/include/libglade-2.0 -I/usr/include/gtk-2.0 -I/usr/lib/x86_64-linux-gnu/gtk-2.0/include -I/usr/include/pango-1.0 -I/usr/include/atk-1.0 -I/usr/include/gdk-pixbuf-2.0 -I/usr/include/pango-1.0 -I/usr/include/libmount -I/usr/include/blkid -I/usr/include/fribidi -I/usr/include/cairo -I/usr/include/pixman-1 -I/usr/include/harfbuzz -I/usr/include/glib-2.0 -I/usr/lib/x86_64-linux-gnu/glib-2.0/include -I/usr/include/uuid -I/usr/include/freetype2 -I/usr/include/libpng16 -I/usr/include/libxml2'
GLADE_LIBS='-lglade-2.0 -lgtk-x11-2.0 -lgdk-x11-2.0 -lpangocairo-1.0 -latk-1.0 -lcairo -lgdk_pixbuf-2.0 -lgio-2.0 -lpangoft2-1.0 -lpango-1.0 -lgobject-2.0 -lglib-2.0 -lharfbuzz -lfontconfig -lfreetype -lxml2'
GLIB_COMPILE_SCHEMAS='/usr/bin/glib-compile-schemas'
GMOFILES=' bg.gmo cs.gmo de.gmo es.gmo fi.gmo fr.gmo hu.gmo ru.gmo sk.gmo nl.gmo ja.gmo sr.gmo pt_BR.gmo pl.gmo it.gmo'
GMSGFMT='/usr/bin/msgfmt'
GREP='/usr/bin/grep'
GSETTINGS_DISABLE_SCHEMAS_COMPILE=''
GSETTINGS_RULES='
GTK_CFLAGS='-pthread -I/usr/include/gtk-2.0 -I/usr/lib/x86_64-linux-gnu/gtk-2.0/include -I/usr/include/atk-1.0 -I/usr/include/gtk-2.0 -I/usr/lib/x86_64-linux-gnu/gtk-2.0/include -I/usr/include/pango-1.0 -I/usr/include/fribidi -I/usr/include/harfbuzz -I/usr/include/cairo -I/usr/include/pixman-1 -I/usr/include/uuid -I/usr/include/freetype2 -I/usr/include/libpng16 -I/usr/include/gdk-pixbuf-2.0 -I/usr/include/libmount -I/usr/include/blkid -I/usr/include/glib-2.0 -I/usr/lib/x86_64-linux-gnu/glib-2.0/include'
GTK_LIBS='-lgtk-x11-2.0 -lgdk-x11-2.0 -latk-1.0 -lgio-2.0 -lpangoft2-1.0 -lfontconfig -lfreetype -lgdk-x11-2.0 -lpangocairo-1.0 -lpango-1.0 -lharfbuzz -lcairo -lgdk_pixbuf-2.0 -lgobject-2.0 -lgthread-2.0 -pthread -lglib-2.0'
INSTALL_DATA='${INSTALL} -m 644'
INSTALL_PROGRAM='${INSTALL}'
INSTALL_SCRIPT='${INSTALL}'
INSTALL_STRIP_PROGRAM='$(install_sh) -c -s'
INSTOBJEXT='.mo'
INTLLIBS=''
INTLTOOL_CAVES_RULE='%.caves:     %.caves.in     $(INTLTOOL_MERGE) $(wildcard $(top_srcdir)/po/*.po) ; $(INTLTOOL_V_MERGE)LC_ALL=C $(INTLTOOL_MERGE) $(INTLTOOL_V_MERGE_OPTIONS) -d -u -c $(top_builddir)/po/.intltool-merge-cache $(top_srcdir)/po $< $@'
INTLTOOL_DESKTOP_RULE='%.desktop:   %.desktop.in   $(INTLTOOL_MERGE) $(wildcard $(top_srcdir)/po/*.po) ; $(INTLTOOL_V_MERGE)LC_ALL=C $(INTLTOOL_MERGE) $(INTLTOOL_V_MERGE_OPTIONS) -d -u -c $(top_builddir)/po/.intltool-merge-cache $(top_srcdir)/po $< $@'
INTLTOOL_DIRECTORY_RULE='%.directory: %.directory.in $(INTLTOOL_MERGE) $(wildcard $(top_srcdir)/po/*.po) ; $(INTLTOOL_V_MERGE)LC_ALL=C $(INTLTOOL_MERGE) $(INTLTOOL_V_MERGE_OPTIONS) -d -u -c $(top_builddir)/po/.intltool-merge-cache $(top_srcdir)/po $< $@'
INTLTOOL_EXTRACT='/usr/bin/intltool-extract'
INTLTOOL_KBD_RULE='%.kbd:       %.kbd.in       $(INTLTOOL_MERGE) $(wildcard $(top_srcdir)/po/*.po) ; $(INTLTOOL_V_MERGE)LC_ALL=C $(INTLTOOL_MERGE) $(INTLTOOL_V_MERGE_OPTIONS) -x -u -m -c $(top_builddir)/po/.intltool-merge-cache $(top_srcdir)/po $< $@'
INTLTOOL_KEYS_RULE='%.keys:      %.keys.in      $(INTLTOOL_MERGE) $(wildcard $(top_srcdir)/po/*.po) ; $(INTLTOOL_V_MERGE)LC_ALL=C $(INTLTOOL_MERGE) $(INTLTOOL_V_MERGE_OPTIONS) -k -u -c $(top_builddir)/po/.intltool-merge-cache $(top_srcdir)/po $< $@'
INTLTOOL_MERGE='/usr/bin/intltool-merge'
INTLTOOL_OAF_RULE='%.oaf:       %.oaf.in       $(INTLTOOL_MERGE) $(wildcard $(top_srcdir)/po/*.po) ; $(INTLTOOL_V_MERGE)LC_ALL=C $(INTLTOOL_MERGE) $(INTLTOOL_V_MERGE_OPTIONS) -o -p $(top_srcdir)/po $< $@'
INTLTOOL_PERL='/usr/bin/perl'
INTLTOOL_POLICY_RULE='%.policy:    %.policy.in    $(INTLTOOL_MERGE) $(wildcard $(top_srcdir)/po/*.po) ; $(INTLTOOL_V_MERGE)LC_ALL=C $(INTLTOOL_MERGE) $(INTLTOOL_V_MERGE_OPTIONS) -x -u -c $(top_builddir)/po/.intltool-merge-cache $(top_srcdir)/po $< $@'
INTLTOOL_PONG_RULE='%.pong:      %.pong.in      $(INTLTOOL_MERGE) $(wildcard $(top_srcdir)/po/*.po) ; $(INTLTOOL_V_MERGE)LC_ALL=C $(INTLTOOL_MERGE) $(INTLTOOL_V_MERGE_OPTIONS) -x -u -c $(top_builddir)/po/.intltool-merge-cache $(top_srcdir)/po $< $@'
INTLTOOL_PROP_RULE='%.prop:      %.prop.in      $(INTLTOOL_MERGE) $(wildcard $(top_srcdir)/po/*.po) ; $(INTLTOOL_V_MERGE)LC_ALL=C $(INTLTOOL_MERGE) $(INTLTOOL_V_MERGE_OPTIONS) -d -u -c $(top_builddir)/po/.intltool-merge-cache $(top_srcdir)/po $< $@'
INTLTOOL_SCHEMAS_RULE='%.schemas:   %.schemas.in   $(INTLTOOL_MERGE) $(wildcard $(top_srcdir)/po/*.po) ; $(INTLTOOL_V_MERGE)LC_ALL=C $(INTLTOOL_MERGE) $(INTLTOOL_V_MERGE_OPTIONS) -s -u -c $(top_builddir)/po/.intltool-merge-cache $(top_srcdir)/po $< $@'
INTLTOOL_SERVER_RULE='%.server:    %.server.in    $(INTLTOOL_MERGE) $(wildcard $(top_srcdir)/po/*.po) ; $(INTLTOOL_V_MERGE)LC_ALL=C $(INTLTOOL_MERGE) $(INTLTOOL_V_MERGE_OPTIONS) -o -u -c $(top_builddir)/po/.intltool-merge-cache $(top_srcdir)/po $< $@'
INTLTOOL_SERVICE_RULE='%.service: %.service.in   $(INTLTOOL_MERGE) $(wildcard $(top_srcdir)/po/*.po) ; $(INTLTOOL_V_MERGE)LC_ALL=C $(INTLTOOL_MERGE) $(INTLTOOL_V_MERGE_OPTIONS) -d -u -c $(top_builddir)/po/.intltool-merge-cache $(top_srcdir)/po $< $@'
INTLTOOL_SHEET_RULE='%.sheet:     %.sheet.in     $(INTLTOOL_MERGE) $(wildcard $(top_srcdir)/po/*.po) ; $(INTLTOOL_V_MERGE)LC_ALL=C $(INTLTOOL_MERGE) $(INTLTOOL_V_MERGE_OPTIONS) -x -u -c $(top_builddir)/po/.intltool-merge-cache $(top_srcdir)/po $< $@'
INTLTOOL_SOUNDLIST_RULE='%.soundlist: %.soundlist.in $(INTLTOOL_MERGE) $(wildcard $(top_srcdir)/po/*.po) ; $(INTLTOOL_V_MERGE)LC_ALL=C $(INTLTOOL_MERGE) $(INTLTOOL_V_MERGE_OPTIONS) -d -u -c $(top_builddir)/po/.intltool-merge-cache $(top_srcdir)/po $< $@'
INTLTOOL_THEME_RULE='%.theme:     %.theme.in     $(INTLTOOL_MERGE) $(wildcard $(top_srcdir)/po/*.po) ; $(INTLTOOL_V_MERGE)LC_ALL=C $(INTLTOOL_MERGE) $(INTLTOOL_V_MERGE_OPTIONS) -d -u -c $(top_builddir)/po/.intltool-merge-cache $(top_srcdir)/po $< $@'
INTLTOOL_UI_RULE='%.ui:        %.ui.in        $(INTLTOOL_MERGE) $(wildcard $(top_srcdir)/po/*.po) ; $(INTLTOOL_V_MERGE)LC_ALL=C $(INTLTOOL_MERGE) $(INTLTOOL_V_MERGE_OPTIONS) -x -u -c $(top_builddir)/po/.intltool-merge-cache $(top_srcdir)/po $< $@'
INTLTOOL_UPDATE='/usr/bin/intltool-update'
INTLTOOL_V_MERGE='$(INTLTOOL__v_MERGE_$(V))'
INTLTOOL_V_MERGE_OPTIONS='$(intltool__v_merge_options_$(V))'
INTLTOOL_XAM_RULE='%.xam:       %.xml.in       $(INTLTOOL_MERGE) $(wildcard $(top_srcdir)/po/*.po) ; $(INTLTOOL_V_MERGE)LC_ALL=C $(INTLTOOL_MERGE) $(INTLTOOL_V_MERGE_OPTIONS) -x -u -c $(top_builddir)/po/.intltool-merge-cache $(top_srcdir)/po $< $@'
INTLTOOL_XML_NOMERGE_RULE='%.xml:       %.xml.in       $(INTLTOOL_MERGE) ; $(INTLTOOL_V_MERGE)LC_ALL=C $(INTLTOOL_MERGE) $(INTLTOOL_V_MERGE_OPTIONS) -x -u --no-translations $< $@'
INTLTOOL_XML_RULE='%.xml:       %.xml.in       $(INTLTOOL_MERGE) $(wildcard $(top_srcdir)/po/*.po) ; $(INTLTOOL_V_MERGE)LC_ALL=C $(INTLTOOL_MERGE) $(INTLTOOL_V_MERGE_OPTIONS) -x -u -c $(top_builddir)/po/.intltool-merge-cache $(top_srcdir)/po $< $@'
INTLTOOL__v_MERGE_0='@echo "  ITMRG " $@;'
INTLTOOL__v_MERGE_='$(INTLTOOL__v_MERGE_$(AM_DEFAULT_VERBOSITY))'
INTL_MACOSX_LIBS=''
LD='/usr/bin/ld -m elf_x86_64'
LDFLAGS=''
LIBCURL_CFLAGS='-I/usr/include/x86_64-linux-gnu'
LIBCURL_LIBS='-lcurl'
LIBEXIF_CFLAGS=''
LIBEXIF_LIBS='-lexif'
LIBGPS_CFLAGS=''
LIBGPS_LIBS='-lgps'
LIBOBJS=''
LIBS=''
LIBTOOL='$(SHELL) $(top_builddir)/libtool'
LIBXML_CFLAGS='-I/usr/include/libxml2'
LIBXML_LIBS='-lxml2'
LIPO=''
LN_S='ln -s'
LTLIBOBJS=''
LT_SYS_LIBRARY_PATH=''
MAINT=''
MAINTAINER_MODE_FALSE='#'
MAINTAINER_MODE_TRUE=''
MAKEINFO='${SHELL} /home/tux/Dokumente/aur/foxtrotgps/missing makeinfo'
MANIFEST_TOOL=':'
MKDIR_P='/usr/bin/mkdir -p'
MKINSTALLDIRS='./mkinstalldirs'
MSGFMT='/usr/bin/msgfmt'
MSGFMT_OPTS='-c'
MSGMERGE='/usr/bin/msgmerge'
NM='/usr/bin/nm -B'
NMEDIT=''
OBJDUMP='objdump'
OBJEXT='o'
OTOOL64=''
OTOOL=''
PACKAGE='foxtrotgps'
PACKAGE_BUGREPORT='foss-gps@lists.osgeo.org'
PACKAGE_NAME='FoxtrotGPS'
PACKAGE_STRING='FoxtrotGPS 1.2.2+'
PACKAGE_TARNAME='foxtrotgps'
PACKAGE_URL=''
PACKAGE_VERSION='1.2.2+'
PATH_SEPARATOR=':'
PKG_CONFIG='/usr/bin/pkg-config'
PKG_CONFIG_LIBDIR=''
PKG_CONFIG_PATH=''
POFILES=' bg.po cs.po de.po es.po fi.po fr.po hu.po ru.po sk.po nl.po ja.po sr.po pt_BR.po pl.po it.po'
POSUB='po'
PO_IN_DATADIR_FALSE=''
PO_IN_DATADIR_TRUE=''
RANLIB='ranlib'
SED='/usr/bin/sed'
SET_MAKE=''
SHELL='/bin/bash'
SQLITE_CFLAGS=''
SQLITE_LIBS='-lsqlite3'
STRIP='strip'
USE_NLS='yes'
VERSION='1.2.2+'
XGETTEXT='/usr/bin/xgettext'
ac_ct_AR='ar'
ac_ct_CC='gcc'
ac_ct_DUMPBIN=''
all-am: $(gsettings_SCHEMAS:.xml=.valid)
am__EXEEXT_FALSE=''
am__EXEEXT_TRUE='#'
am__fastdepCC_FALSE='#'
am__fastdepCC_TRUE=''
am__include='include'
am__isrc=''
am__leading_dot='.'
am__nodep='_no'
am__quote=''
am__tar='$${TAR-tar} chof - "$$tardir"'
am__untar='$${TAR-tar} xf -'
bindir='${exec_prefix}/bin'
build='x86_64-pc-linux-gnu'
build_alias=''
build_cpu='x86_64'
build_os='linux-gnu'
build_vendor='pc'
clean-gsettings-schemas:
datadir='${datarootdir}'
datarootdir='${prefix}/share'
docdir='${datarootdir}/doc/${PACKAGE_TARNAME}'
dvidir='${docdir}'
endif'
exec_prefix='${prefix}'
gsettings__enum_file = $(addsuffix .enums.xml,$(gsettings_ENUM_NAMESPACE))
gsettingsschemadir='${datarootdir}/glib-2.0/schemas'
host='x86_64-pc-linux-gnu'
host_alias=''
host_cpu='x86_64'
host_os='linux-gnu'
host_vendor='pc'
htmldir='${docdir}'
ifdef gsettings_ENUM_NAMESPACE
includedir='${prefix}/include'
infodir='${datarootdir}/info'
install-data-am: install-gsettings-schemas
install-gsettings-schemas: $(gsettings_SCHEMAS) $(gsettings__enum_file)
install_sh='${SHELL} /home/tux/Dokumente/aur/foxtrotgps/install-sh'
intltool__v_merge_options_0='-q'
intltool__v_merge_options_='$(intltool__v_merge_options_$(AM_DEFAULT_VERBOSITY))'
libdir='${exec_prefix}/lib'
libexecdir='${exec_prefix}/libexec'
localedir='${datarootdir}/locale'
localstatedir='${prefix}/var'
mandir='${datarootdir}/man'
mkdir_p='$(MKDIR_P)'
mostlyclean-am: clean-gsettings-schemas
oldincludedir='/usr/include'
pdfdir='${docdir}'
prefix='/usr/local'
program_transform_name='s,x,x,'
psdir='${docdir}'
sbindir='${exec_prefix}/sbin'
sharedstatedir='${prefix}/com'
sysconfdir='${prefix}/etc'
target_alias=''
uninstall-am: uninstall-gsettings-schemas
uninstall-gsettings-schemas:

## ----------- ##
## confdefs.h. ##
## ----------- ##

/* confdefs.h */
#define PACKAGE_NAME "FoxtrotGPS"
#define PACKAGE_TARNAME "foxtrotgps"
#define PACKAGE_VERSION "1.2.2+"
#define PACKAGE_STRING "FoxtrotGPS 1.2.2+"
#define PACKAGE_BUGREPORT "foss-gps@lists.osgeo.org"
#define PACKAGE_URL ""
#define PACKAGE "foxtrotgps"
#define VERSION "1.2.2+"
#define STDC_HEADERS 1
#define GETTEXT_PACKAGE "foxtrotgps"
#define HAVE_SYS_TYPES_H 1
#define HAVE_SYS_STAT_H 1
#define HAVE_STDLIB_H 1
#define HAVE_STRING_H 1
#define HAVE_MEMORY_H 1
#define HAVE_STRINGS_H 1
#define HAVE_INTTYPES_H 1
#define HAVE_STDINT_H 1
#define HAVE_UNISTD_H 1
#define HAVE_LOCALE_H 1
#define HAVE_LC_MESSAGES 1
#define HAVE_BIND_TEXTDOMAIN_CODESET 1
#define HAVE_GETTEXT 1
#define HAVE_DCGETTEXT 1
#define ENABLE_NLS 1
#define HAVE_DLFCN_H 1
#define LT_OBJDIR ".libs/"

configure: exit 0
